<?xml version="1.0" encoding="UTF-8" ?>
<testsuites name="vitest tests" tests="36" failures="0" errors="0" time="0.046462893">
    <testsuite name="tests/search.test.ts" timestamp="2025-07-19T02:38:57.166Z" hostname="pkrvmq0rgcvqdmg" tests="17" failures="0" errors="0" skipped="0" time="0.013154005">
        <testcase classname="tests/search.test.ts" name="Search &gt; the document is empty" time="0.002403176">
        </testcase>
        <testcase classname="tests/search.test.ts" name="Search &gt; the document is not empty" time="0.0002741">
        </testcase>
        <testcase classname="tests/search.test.ts" name="Search &gt; search document (stop word)" time="0.001331149">
        </testcase>
        <testcase classname="tests/search.test.ts" name="Search &gt; search document (unordered)" time="0.0011707">
        </testcase>
        <testcase classname="tests/search.test.ts" name="Search &gt; search document (accent)" time="0.00054737">
        </testcase>
        <testcase classname="tests/search.test.ts" name="Search &gt; search document (case sensitive)" time="0.00038674">
        </testcase>
        <testcase classname="tests/search.test.ts" name="Search &gt; search document (case insensitive)" time="0.00040279">
        </testcase>
        <testcase classname="tests/search.test.ts" name="Search &gt; search document (search word strategy)" time="0.00057424">
        </testcase>
        <testcase classname="tests/search.test.ts" name="Search &gt; search document (exact word strategy)" time="0.000503398">
        </testcase>
        <testcase classname="tests/search.test.ts" name="Search &gt; search document (index is string)" time="0.000368416">
        </testcase>
        <testcase classname="tests/search.test.ts" name="Search &gt; search document (index is array)" time="0.0003057">
        </testcase>
        <testcase classname="tests/search.test.ts" name="Search &gt; search document (index is object)" time="0.000324254">
        </testcase>
        <testcase classname="tests/search.test.ts" name="Search &gt; demo 1" time="0.000339743">
        </testcase>
        <testcase classname="tests/search.test.ts" name="Search &gt; demo 2" time="0.000655541">
        </testcase>
        <testcase classname="tests/search.test.ts" name="Search &gt; demo 3" time="0.000626045">
        </testcase>
        <testcase classname="tests/search.test.ts" name="Search &gt; demo 4" time="0.000374197">
        </testcase>
        <testcase classname="tests/search.test.ts" name="Search &gt; remove document" time="0.000523264">
        </testcase>
    </testsuite>
    <testsuite name="tests/document/bm25-document.test.ts" timestamp="2025-07-19T02:38:57.170Z" hostname="pkrvmq0rgcvqdmg" tests="4" failures="0" errors="0" skipped="0" time="0.004750407">
        <testcase classname="tests/document/bm25-document.test.ts" name="Relevance  &gt; document is empty" time="0.00189601">
        </testcase>
        <testcase classname="tests/document/bm25-document.test.ts" name="Relevance  &gt; insert" time="0.000512625">
        </testcase>
        <testcase classname="tests/document/bm25-document.test.ts" name="Relevance  &gt; get document" time="0.000657865">
        </testcase>
        <testcase classname="tests/document/bm25-document.test.ts" name="Relevance  &gt; remove" time="0.000624373">
        </testcase>
    </testsuite>
    <testsuite name="tests/document/unordered-document.test.ts" timestamp="2025-07-19T02:38:57.171Z" hostname="pkrvmq0rgcvqdmg" tests="4" failures="0" errors="0" skipped="0" time="0.005454976">
        <testcase classname="tests/document/unordered-document.test.ts" name="Unordered &gt; document is empty" time="0.002252715">
        </testcase>
        <testcase classname="tests/document/unordered-document.test.ts" name="Unordered &gt; create document" time="0.000330226">
        </testcase>
        <testcase classname="tests/document/unordered-document.test.ts" name="Unordered &gt; get document" time="0.000669647">
        </testcase>
        <testcase classname="tests/document/unordered-document.test.ts" name="Unordered &gt; remove" time="0.000656092">
        </testcase>
    </testsuite>
    <testsuite name="tests/strategy/exact-strategy.test.tsx" timestamp="2025-07-19T02:38:57.172Z" hostname="pkrvmq0rgcvqdmg" tests="1" failures="0" errors="0" skipped="0" time="0.003272344">
        <testcase classname="tests/strategy/exact-strategy.test.tsx" name="Exact strategy &gt; apply" time="0.001969488">
        </testcase>
    </testsuite>
    <testsuite name="tests/strategy/prefix-strategy.test.tsx" timestamp="2025-07-19T02:38:57.173Z" hostname="pkrvmq0rgcvqdmg" tests="1" failures="0" errors="0" skipped="0" time="0.003895404">
        <testcase classname="tests/strategy/prefix-strategy.test.tsx" name="Prefix strategy &gt; apply" time="0.002334908">
        </testcase>
    </testsuite>
    <testsuite name="tests/tokenizer/case-insensitive-tokenizer.test.ts" timestamp="2025-07-19T02:38:57.173Z" hostname="pkrvmq0rgcvqdmg" tests="1" failures="0" errors="0" skipped="0" time="0.002582029">
        <testcase classname="tests/tokenizer/case-insensitive-tokenizer.test.ts" name="Case sesitive tokenizer &gt; tokenize" time="0.001647197">
        </testcase>
    </testsuite>
    <testsuite name="tests/tokenizer/ignore-accent-tokenizer.test.ts" timestamp="2025-07-19T02:38:57.173Z" hostname="pkrvmq0rgcvqdmg" tests="1" failures="0" errors="0" skipped="0" time="0.003915191">
        <testcase classname="tests/tokenizer/ignore-accent-tokenizer.test.ts" name="Ignore accent &gt; tokenize" time="0.002648331">
        </testcase>
    </testsuite>
    <testsuite name="tests/tokenizer/simple-tokenizer.test.ts" timestamp="2025-07-19T02:38:57.174Z" hostname="pkrvmq0rgcvqdmg" tests="6" failures="0" errors="0" skipped="0" time="0.005800402">
        <testcase classname="tests/tokenizer/simple-tokenizer.test.ts" name="Simple tokenizer &gt; single" time="0.002344335">
        </testcase>
        <testcase classname="tests/tokenizer/simple-tokenizer.test.ts" name="Simple tokenizer &gt; multiple" time="0.000326388">
        </testcase>
        <testcase classname="tests/tokenizer/simple-tokenizer.test.ts" name="Simple tokenizer &gt; hyphens" time="0.000411947">
        </testcase>
        <testcase classname="tests/tokenizer/simple-tokenizer.test.ts" name="Simple tokenizer &gt; trim" time="0.000377734">
        </testcase>
        <testcase classname="tests/tokenizer/simple-tokenizer.test.ts" name="Simple tokenizer &gt; punctuation" time="0.000421735">
        </testcase>
        <testcase classname="tests/tokenizer/simple-tokenizer.test.ts" name="Simple tokenizer &gt; accent" time="0.00023648">
        </testcase>
    </testsuite>
    <testsuite name="tests/tokenizer/stop-words-tokenizer.test.ts" timestamp="2025-07-19T02:38:57.175Z" hostname="pkrvmq0rgcvqdmg" tests="1" failures="0" errors="0" skipped="0" time="0.003638135">
        <testcase classname="tests/tokenizer/stop-words-tokenizer.test.ts" name="Stop words &gt; tokenize" time="0.00235215">
        </testcase>
    </testsuite>
</testsuites>
